2021-06-28T17:42:45+00:00 CRITICAL Uncaught TypeError: Elementor\Elements_Manager::create_element_instance(): Argument #1 ($element_data) must be of type array, string given, called in C:\xampp\htdocs\e-commerce_wp\wp-content\plugins\elementor\core\base\document.php on line 811 and defined in C:\xampp\htdocs\e-commerce_wp\wp-content\plugins\elementor\includes\managers\elements.php:68
Stack trace:
#0 C:\xampp\htdocs\e-commerce_wp\wp-content\plugins\elementor\core\base\document.php(811): Elementor\Elements_Manager->create_element_instance('Array')
#1 C:\xampp\htdocs\e-commerce_wp\wp-content\plugins\astra-sites\inc\importers\batch-processing\class-astra-sites-batch-processing-elementor.php(121): Elementor\Core\Base\Document->get_elements_raw_data(Array, true)
#2 C:\xampp\htdocs\e-commerce_wp\wp-content\plugins\astra-sites\inc\importers\batch-processing\class-astra-sites-batch-processing-elementor.php(66): Elementor\TemplateLibrary\Astra_Sites_Batch_Processing_Elementor->import_single_post(16)
#3 C:\xampp\htdocs\e-commerce_wp\wp-content\plugins\astra-sites\inc\importers\batch-processing\helpers\class-wp-background-process-astra.php(41): Elementor\TemplateLibrary\Astra_Sites_Batch_Processing_Elementor->import()
#4 C:\xampp\htdocs\e-commerce_wp\wp-content\plugins\woocommerce\includes\libraries\wp-background-process.php(301): WP_Background_Process_Astra->task(Object(Elementor\TemplateLibrary\Astra_Sites_Batch_Processing_Elementor))
#5 C:\xampp\htdocs\e-commerce_wp\wp-content\plugins\woocommerce\includes\libraries\wp-background-process.php(175): WP_Background_Process->handle()
#6 C:\xampp\htdocs\e-commerce_wp\wp-includes\class-wp-hook.php(292): WP_Background_Process->maybe_handle('')
#7 C:\xampp\htdocs\e-commerce_wp\wp-includes\class-wp-hook.php(316): WP_Hook->apply_filters('', Array)
#8 C:\xampp\htdocs\e-commerce_wp\wp-includes\plugin.php(484): WP_Hook->do_action(Array)
#9 C:\xampp\htdocs\e-commerce_wp\wp-admin\admin-ajax.php(187): do_action('wp_ajax_wp_imag...')
#10 {main}
  thrown in C:\xampp\htdocs\e-commerce_wp\wp-content\plugins\elementor\includes\managers\elements.php on line 68

2021-06-28T17:42:57+00:00 CRITICAL Uncaught Error: Unknown named parameter $tasks_meta_id in C:\xampp\htdocs\e-commerce_wp\wp-includes\class-wp-hook.php:292
Stack trace:
#0 C:\xampp\htdocs\e-commerce_wp\wp-includes\class-wp-hook.php(316): WP_Hook->apply_filters('', Array)
#1 C:\xampp\htdocs\e-commerce_wp\wp-includes\plugin.php(551): WP_Hook->do_action(Array)
#2 C:\xampp\htdocs\e-commerce_wp\wp-content\plugins\woocommerce\packages\action-scheduler\classes\actions\ActionScheduler_Action.php(22): do_action_ref_array('wpforms_email_s...', Array)
#3 C:\xampp\htdocs\e-commerce_wp\wp-content\plugins\woocommerce\packages\action-scheduler\classes\abstracts\ActionScheduler_Abstract_QueueRunner.php(65): ActionScheduler_Action->execute()
#4 C:\xampp\htdocs\e-commerce_wp\wp-content\plugins\woocommerce\packages\action-scheduler\classes\ActionScheduler_QueueRunner.php(162): ActionScheduler_Abstract_QueueRunner->process_action(8, 'WP Cron')
#5 C:\xampp\htdocs\e-commerce_wp\wp-content\plugins\woocommerce\packages\action-scheduler\classes\ActionScheduler_QueueRunner.php(132): ActionScheduler_QueueRunner->do_batch(25, 'WP Cron')
#6 C:\xampp\htdocs\e-commerce_wp\wp-includes\class-wp-hook.php(292): ActionScheduler_QueueRunner->run('WP Cron')
#7 C:\xampp\htdocs\e-commerce_wp\wp-includes\class-wp-hook.php(316): WP_Hook->apply_filters('', Array)
#8 C:\xampp\htdocs\e-commerce_wp\wp-includes\plugin.php(551): WP_Hook->do_action(Array)
#9 C:\xampp\htdocs\e-commerce_wp\wp-cron.php(138): do_action_ref_array('action_schedule...', Array)
#10 {main}
  thrown in C:\xampp\htdocs\e-commerce_wp\wp-includes\class-wp-hook.php on line 292

2021-06-28T17:43:24+00:00 CRITICAL Uncaught Error: Unknown named parameter $tasks_meta_id in C:\xampp\htdocs\e-commerce_wp\wp-includes\class-wp-hook.php:292
Stack trace:
#0 C:\xampp\htdocs\e-commerce_wp\wp-includes\class-wp-hook.php(316): WP_Hook->apply_filters('', Array)
#1 C:\xampp\htdocs\e-commerce_wp\wp-includes\plugin.php(551): WP_Hook->do_action(Array)
#2 C:\xampp\htdocs\e-commerce_wp\wp-content\plugins\woocommerce\packages\action-scheduler\classes\actions\ActionScheduler_Action.php(22): do_action_ref_array('wpforms_admin_n...', Array)
#3 C:\xampp\htdocs\e-commerce_wp\wp-content\plugins\woocommerce\packages\action-scheduler\classes\abstracts\ActionScheduler_Abstract_QueueRunner.php(65): ActionScheduler_Action->execute()
#4 C:\xampp\htdocs\e-commerce_wp\wp-content\plugins\woocommerce\packages\action-scheduler\classes\ActionScheduler_QueueRunner.php(162): ActionScheduler_Abstract_QueueRunner->process_action(10, 'Async Request')
#5 C:\xampp\htdocs\e-commerce_wp\wp-content\plugins\woocommerce\packages\action-scheduler\classes\ActionScheduler_QueueRunner.php(132): ActionScheduler_QueueRunner->do_batch(25, 'Async Request')
#6 C:\xampp\htdocs\e-commerce_wp\wp-includes\class-wp-hook.php(292): ActionScheduler_QueueRunner->run('Async Request')
#7 C:\xampp\htdocs\e-commerce_wp\wp-includes\class-wp-hook.php(316): WP_Hook->apply_filters('', Array)
#8 C:\xampp\htdocs\e-commerce_wp\wp-includes\plugin.php(484): WP_Hook->do_action(Array)
#9 C:\xampp\htdocs\e-commerce_wp\wp-content\plugins\woocommerce\packages\action-scheduler\classes\ActionScheduler_AsyncRequest_QueueRunner.php(52): do_action('action_schedule...', 'Async Request')
#10 C:\xampp\htdocs\e-commerce_wp\wp-content\plugins\woocommerce\includes\libraries\wp-async-request.php(147): ActionScheduler_AsyncRequest_QueueRunner->handle()
#11 C:\xampp\htdocs\e-commerce_wp\wp-includes\class-wp-hook.php(292): WP_Async_Request->maybe_handle('')
#12 C:\xampp\htdocs\e-commerce_wp\wp-includes\class-wp-hook.php(316): WP_Hook->apply_filters('', Array)
#13 C:\xampp\htdocs\e-commerce_wp\wp-includes\plugin.php(484): WP_Hook->do_action(Array)
#14 C:\xampp\htdocs\e-commerce_wp\wp-admin\admin-ajax.php(187): do_action('wp_ajax_as_asyn...')
#15 {main}
  thrown in C:\xampp\htdocs\e-commerce_wp\wp-includes\class-wp-hook.php on line 292

2021-06-28T17:43:25+00:00 CRITICAL Uncaught Error: Unknown named parameter $tasks_meta_id in C:\xampp\htdocs\e-commerce_wp\wp-includes\class-wp-hook.php:292
Stack trace:
#0 C:\xampp\htdocs\e-commerce_wp\wp-includes\class-wp-hook.php(316): WP_Hook->apply_filters('', Array)
#1 C:\xampp\htdocs\e-commerce_wp\wp-includes\plugin.php(551): WP_Hook->do_action(Array)
#2 C:\xampp\htdocs\e-commerce_wp\wp-content\plugins\woocommerce\packages\action-scheduler\classes\actions\ActionScheduler_Action.php(22): do_action_ref_array('wpforms_email_s...', Array)
#3 C:\xampp\htdocs\e-commerce_wp\wp-content\plugins\woocommerce\packages\action-scheduler\classes\abstracts\ActionScheduler_Abstract_QueueRunner.php(65): ActionScheduler_Action->execute()
#4 C:\xampp\htdocs\e-commerce_wp\wp-content\plugins\woocommerce\packages\action-scheduler\classes\ActionScheduler_QueueRunner.php(162): ActionScheduler_Abstract_QueueRunner->process_action(11, 'Async Request')
#5 C:\xampp\htdocs\e-commerce_wp\wp-content\plugins\woocommerce\packages\action-scheduler\classes\ActionScheduler_QueueRunner.php(132): ActionScheduler_QueueRunner->do_batch(25, 'Async Request')
#6 C:\xampp\htdocs\e-commerce_wp\wp-includes\class-wp-hook.php(292): ActionScheduler_QueueRunner->run('Async Request')
#7 C:\xampp\htdocs\e-commerce_wp\wp-includes\class-wp-hook.php(316): WP_Hook->apply_filters('', Array)
#8 C:\xampp\htdocs\e-commerce_wp\wp-includes\plugin.php(484): WP_Hook->do_action(Array)
#9 C:\xampp\htdocs\e-commerce_wp\wp-content\plugins\woocommerce\packages\action-scheduler\classes\ActionScheduler_AsyncRequest_QueueRunner.php(52): do_action('action_schedule...', 'Async Request')
#10 C:\xampp\htdocs\e-commerce_wp\wp-content\plugins\woocommerce\includes\libraries\wp-async-request.php(147): ActionScheduler_AsyncRequest_QueueRunner->handle()
#11 C:\xampp\htdocs\e-commerce_wp\wp-includes\class-wp-hook.php(292): WP_Async_Request->maybe_handle('')
#12 C:\xampp\htdocs\e-commerce_wp\wp-includes\class-wp-hook.php(316): WP_Hook->apply_filters('', Array)
#13 C:\xampp\htdocs\e-commerce_wp\wp-includes\plugin.php(484): WP_Hook->do_action(Array)
#14 C:\xampp\htdocs\e-commerce_wp\wp-admin\admin-ajax.php(187): do_action('wp_ajax_as_asyn...')
#15 {main}
  thrown in C:\xampp\htdocs\e-commerce_wp\wp-includes\class-wp-hook.php on line 292

2021-06-28T17:44:10+00:00 CRITICAL Uncaught TypeError: Elementor\Elements_Manager::create_element_instance(): Argument #1 ($element_data) must be of type array, string given, called in C:\xampp\htdocs\e-commerce_wp\wp-content\plugins\elementor\core\base\document.php on line 811 and defined in C:\xampp\htdocs\e-commerce_wp\wp-content\plugins\elementor\includes\managers\elements.php:68
Stack trace:
#0 C:\xampp\htdocs\e-commerce_wp\wp-content\plugins\elementor\core\base\document.php(811): Elementor\Elements_Manager->create_element_instance('Array')
#1 C:\xampp\htdocs\e-commerce_wp\wp-content\plugins\astra-sites\inc\importers\batch-processing\class-astra-sites-batch-processing-elementor.php(121): Elementor\Core\Base\Document->get_elements_raw_data(Array, true)
#2 C:\xampp\htdocs\e-commerce_wp\wp-content\plugins\astra-sites\inc\importers\batch-processing\class-astra-sites-batch-processing-elementor.php(66): Elementor\TemplateLibrary\Astra_Sites_Batch_Processing_Elementor->import_single_post(16)
#3 C:\xampp\htdocs\e-commerce_wp\wp-content\plugins\astra-sites\inc\importers\batch-processing\helpers\class-wp-background-process-astra.php(41): Elementor\TemplateLibrary\Astra_Sites_Batch_Processing_Elementor->import()
#4 C:\xampp\htdocs\e-commerce_wp\wp-content\plugins\woocommerce\includes\libraries\wp-background-process.php(301): WP_Background_Process_Astra->task(Object(Elementor\TemplateLibrary\Astra_Sites_Batch_Processing_Elementor))
#5 C:\xampp\htdocs\e-commerce_wp\wp-content\plugins\woocommerce\includes\libraries\wp-background-process.php(447): WP_Background_Process->handle()
#6 C:\xampp\htdocs\e-commerce_wp\wp-includes\class-wp-hook.php(292): WP_Background_Process->handle_cron_healthcheck()
#7 C:\xampp\htdocs\e-commerce_wp\wp-includes\class-wp-hook.php(316): WP_Hook->apply_filters('', Array)
#8 C:\xampp\htdocs\e-commerce_wp\wp-includes\plugin.php(551): WP_Hook->do_action(Array)
#9 C:\xampp\htdocs\e-commerce_wp\wp-cron.php(138): do_action_ref_array('wp_image_proces...', Array)
#10 {main}
  thrown in C:\xampp\htdocs\e-commerce_wp\wp-content\plugins\elementor\includes\managers\elements.php on line 68

2021-06-28T17:45:19+00:00 CRITICAL Uncaught Error: Unknown named parameter $tasks_meta_id in C:\xampp\htdocs\e-commerce_wp\wp-includes\class-wp-hook.php:292
Stack trace:
#0 C:\xampp\htdocs\e-commerce_wp\wp-includes\class-wp-hook.php(316): WP_Hook->apply_filters('', Array)
#1 C:\xampp\htdocs\e-commerce_wp\wp-includes\plugin.php(551): WP_Hook->do_action(Array)
#2 C:\xampp\htdocs\e-commerce_wp\wp-content\plugins\woocommerce\packages\action-scheduler\classes\actions\ActionScheduler_Action.php(22): do_action_ref_array('wpforms_email_s...', Array)
#3 C:\xampp\htdocs\e-commerce_wp\wp-content\plugins\woocommerce\packages\action-scheduler\classes\abstracts\ActionScheduler_Abstract_QueueRunner.php(65): ActionScheduler_Action->execute()
#4 C:\xampp\htdocs\e-commerce_wp\wp-content\plugins\woocommerce\packages\action-scheduler\classes\ActionScheduler_QueueRunner.php(162): ActionScheduler_Abstract_QueueRunner->process_action(12, 'WP Cron')
#5 C:\xampp\htdocs\e-commerce_wp\wp-content\plugins\woocommerce\packages\action-scheduler\classes\ActionScheduler_QueueRunner.php(132): ActionScheduler_QueueRunner->do_batch(25, 'WP Cron')
#6 C:\xampp\htdocs\e-commerce_wp\wp-includes\class-wp-hook.php(292): ActionScheduler_QueueRunner->run('WP Cron')
#7 C:\xampp\htdocs\e-commerce_wp\wp-includes\class-wp-hook.php(316): WP_Hook->apply_filters('', Array)
#8 C:\xampp\htdocs\e-commerce_wp\wp-includes\plugin.php(551): WP_Hook->do_action(Array)
#9 C:\xampp\htdocs\e-commerce_wp\wp-cron.php(138): do_action_ref_array('action_schedule...', Array)
#10 {main}
  thrown in C:\xampp\htdocs\e-commerce_wp\wp-includes\class-wp-hook.php on line 292

2021-06-28T17:45:21+00:00 CRITICAL Uncaught Error: Unknown named parameter $tasks_meta_id in C:\xampp\htdocs\e-commerce_wp\wp-includes\class-wp-hook.php:292
Stack trace:
#0 C:\xampp\htdocs\e-commerce_wp\wp-includes\class-wp-hook.php(316): WP_Hook->apply_filters('', Array)
#1 C:\xampp\htdocs\e-commerce_wp\wp-includes\plugin.php(551): WP_Hook->do_action(Array)
#2 C:\xampp\htdocs\e-commerce_wp\wp-content\plugins\woocommerce\packages\action-scheduler\classes\actions\ActionScheduler_Action.php(22): do_action_ref_array('wpforms_admin_n...', Array)
#3 C:\xampp\htdocs\e-commerce_wp\wp-content\plugins\woocommerce\packages\action-scheduler\classes\abstracts\ActionScheduler_Abstract_QueueRunner.php(65): ActionScheduler_Action->execute()
#4 C:\xampp\htdocs\e-commerce_wp\wp-content\plugins\woocommerce\packages\action-scheduler\classes\ActionScheduler_QueueRunner.php(162): ActionScheduler_Abstract_QueueRunner->process_action(13, 'Async Request')
#5 C:\xampp\htdocs\e-commerce_wp\wp-content\plugins\woocommerce\packages\action-scheduler\classes\ActionScheduler_QueueRunner.php(132): ActionScheduler_QueueRunner->do_batch(25, 'Async Request')
#6 C:\xampp\htdocs\e-commerce_wp\wp-includes\class-wp-hook.php(292): ActionScheduler_QueueRunner->run('Async Request')
#7 C:\xampp\htdocs\e-commerce_wp\wp-includes\class-wp-hook.php(316): WP_Hook->apply_filters('', Array)
#8 C:\xampp\htdocs\e-commerce_wp\wp-includes\plugin.php(484): WP_Hook->do_action(Array)
#9 C:\xampp\htdocs\e-commerce_wp\wp-content\plugins\woocommerce\packages\action-scheduler\classes\ActionScheduler_AsyncRequest_QueueRunner.php(52): do_action('action_schedule...', 'Async Request')
#10 C:\xampp\htdocs\e-commerce_wp\wp-content\plugins\woocommerce\includes\libraries\wp-async-request.php(147): ActionScheduler_AsyncRequest_QueueRunner->handle()
#11 C:\xampp\htdocs\e-commerce_wp\wp-includes\class-wp-hook.php(292): WP_Async_Request->maybe_handle('')
#12 C:\xampp\htdocs\e-commerce_wp\wp-includes\class-wp-hook.php(316): WP_Hook->apply_filters('', Array)
#13 C:\xampp\htdocs\e-commerce_wp\wp-includes\plugin.php(484): WP_Hook->do_action(Array)
#14 C:\xampp\htdocs\e-commerce_wp\wp-admin\admin-ajax.php(187): do_action('wp_ajax_as_asyn...')
#15 {main}
  thrown in C:\xampp\htdocs\e-commerce_wp\wp-includes\class-wp-hook.php on line 292

2021-06-28T17:47:22+00:00 CRITICAL Uncaught Error: Unknown named parameter $tasks_meta_id in C:\xampp\htdocs\e-commerce_wp\wp-includes\class-wp-hook.php:292
Stack trace:
#0 C:\xampp\htdocs\e-commerce_wp\wp-includes\class-wp-hook.php(316): WP_Hook->apply_filters('', Array)
#1 C:\xampp\htdocs\e-commerce_wp\wp-includes\plugin.php(551): WP_Hook->do_action(Array)
#2 C:\xampp\htdocs\e-commerce_wp\wp-content\plugins\woocommerce\packages\action-scheduler\classes\actions\ActionScheduler_Action.php(22): do_action_ref_array('wpforms_email_s...', Array)
#3 C:\xampp\htdocs\e-commerce_wp\wp-content\plugins\woocommerce\packages\action-scheduler\classes\abstracts\ActionScheduler_Abstract_QueueRunner.php(65): ActionScheduler_Action->execute()
#4 C:\xampp\htdocs\e-commerce_wp\wp-content\plugins\woocommerce\packages\action-scheduler\classes\ActionScheduler_QueueRunner.php(162): ActionScheduler_Abstract_QueueRunner->process_action(15, 'WP Cron')
#5 C:\xampp\htdocs\e-commerce_wp\wp-content\plugins\woocommerce\packages\action-scheduler\classes\ActionScheduler_QueueRunner.php(132): ActionScheduler_QueueRunner->do_batch(25, 'WP Cron')
#6 C:\xampp\htdocs\e-commerce_wp\wp-includes\class-wp-hook.php(292): ActionScheduler_QueueRunner->run('WP Cron')
#7 C:\xampp\htdocs\e-commerce_wp\wp-includes\class-wp-hook.php(316): WP_Hook->apply_filters('', Array)
#8 C:\xampp\htdocs\e-commerce_wp\wp-includes\plugin.php(551): WP_Hook->do_action(Array)
#9 C:\xampp\htdocs\e-commerce_wp\wp-cron.php(138): do_action_ref_array('action_schedule...', Array)
#10 {main}
  thrown in C:\xampp\htdocs\e-commerce_wp\wp-includes\class-wp-hook.php on line 292

2021-06-28T17:47:23+00:00 CRITICAL Uncaught Error: Unknown named parameter $tasks_meta_id in C:\xampp\htdocs\e-commerce_wp\wp-includes\class-wp-hook.php:292
Stack trace:
#0 C:\xampp\htdocs\e-commerce_wp\wp-includes\class-wp-hook.php(316): WP_Hook->apply_filters('', Array)
#1 C:\xampp\htdocs\e-commerce_wp\wp-includes\plugin.php(551): WP_Hook->do_action(Array)
#2 C:\xampp\htdocs\e-commerce_wp\wp-content\plugins\woocommerce\packages\action-scheduler\classes\actions\ActionScheduler_Action.php(22): do_action_ref_array('wpforms_email_s...', Array)
#3 C:\xampp\htdocs\e-commerce_wp\wp-content\plugins\woocommerce\packages\action-scheduler\classes\abstracts\ActionScheduler_Abstract_QueueRunner.php(65): ActionScheduler_Action->execute()
#4 C:\xampp\htdocs\e-commerce_wp\wp-content\plugins\woocommerce\packages\action-scheduler\classes\ActionScheduler_QueueRunner.php(162): ActionScheduler_Abstract_QueueRunner->process_action(16, 'Async Request')
#5 C:\xampp\htdocs\e-commerce_wp\wp-content\plugins\woocommerce\packages\action-scheduler\classes\ActionScheduler_QueueRunner.php(132): ActionScheduler_QueueRunner->do_batch(25, 'Async Request')
#6 C:\xampp\htdocs\e-commerce_wp\wp-includes\class-wp-hook.php(292): ActionScheduler_QueueRunner->run('Async Request')
#7 C:\xampp\htdocs\e-commerce_wp\wp-includes\class-wp-hook.php(316): WP_Hook->apply_filters('', Array)
#8 C:\xampp\htdocs\e-commerce_wp\wp-includes\plugin.php(484): WP_Hook->do_action(Array)
#9 C:\xampp\htdocs\e-commerce_wp\wp-content\plugins\woocommerce\packages\action-scheduler\classes\ActionScheduler_AsyncRequest_QueueRunner.php(52): do_action('action_schedule...', 'Async Request')
#10 C:\xampp\htdocs\e-commerce_wp\wp-content\plugins\woocommerce\includes\libraries\wp-async-request.php(147): ActionScheduler_AsyncRequest_QueueRunner->handle()
#11 C:\xampp\htdocs\e-commerce_wp\wp-includes\class-wp-hook.php(292): WP_Async_Request->maybe_handle('')
#12 C:\xampp\htdocs\e-commerce_wp\wp-includes\class-wp-hook.php(316): WP_Hook->apply_filters('', Array)
#13 C:\xampp\htdocs\e-commerce_wp\wp-includes\plugin.php(484): WP_Hook->do_action(Array)
#14 C:\xampp\htdocs\e-commerce_wp\wp-admin\admin-ajax.php(187): do_action('wp_ajax_as_asyn...')
#15 {main}
  thrown in C:\xampp\htdocs\e-commerce_wp\wp-includes\class-wp-hook.php on line 292

2021-06-28T17:49:08+00:00 CRITICAL Uncaught TypeError: Elementor\Elements_Manager::create_element_instance(): Argument #1 ($element_data) must be of type array, string given, called in C:\xampp\htdocs\e-commerce_wp\wp-content\plugins\elementor\core\base\document.php on line 811 and defined in C:\xampp\htdocs\e-commerce_wp\wp-content\plugins\elementor\includes\managers\elements.php:68
Stack trace:
#0 C:\xampp\htdocs\e-commerce_wp\wp-content\plugins\elementor\core\base\document.php(811): Elementor\Elements_Manager->create_element_instance('Array')
#1 C:\xampp\htdocs\e-commerce_wp\wp-content\plugins\astra-sites\inc\importers\batch-processing\class-astra-sites-batch-processing-elementor.php(121): Elementor\Core\Base\Document->get_elements_raw_data(Array, true)
#2 C:\xampp\htdocs\e-commerce_wp\wp-content\plugins\astra-sites\inc\importers\batch-processing\class-astra-sites-batch-processing-elementor.php(66): Elementor\TemplateLibrary\Astra_Sites_Batch_Processing_Elementor->import_single_post(16)
#3 C:\xampp\htdocs\e-commerce_wp\wp-content\plugins\astra-sites\inc\importers\batch-processing\helpers\class-wp-background-process-astra.php(41): Elementor\TemplateLibrary\Astra_Sites_Batch_Processing_Elementor->import()
#4 C:\xampp\htdocs\e-commerce_wp\wp-content\plugins\woocommerce\includes\libraries\wp-background-process.php(301): WP_Background_Process_Astra->task(Object(Elementor\TemplateLibrary\Astra_Sites_Batch_Processing_Elementor))
#5 C:\xampp\htdocs\e-commerce_wp\wp-content\plugins\woocommerce\includes\libraries\wp-background-process.php(447): WP_Background_Process->handle()
#6 C:\xampp\htdocs\e-commerce_wp\wp-includes\class-wp-hook.php(292): WP_Background_Process->handle_cron_healthcheck()
#7 C:\xampp\htdocs\e-commerce_wp\wp-includes\class-wp-hook.php(316): WP_Hook->apply_filters('', Array)
#8 C:\xampp\htdocs\e-commerce_wp\wp-includes\plugin.php(551): WP_Hook->do_action(Array)
#9 C:\xampp\htdocs\e-commerce_wp\wp-cron.php(138): do_action_ref_array('wp_image_proces...', Array)
#10 {main}
  thrown in C:\xampp\htdocs\e-commerce_wp\wp-content\plugins\elementor\includes\managers\elements.php on line 68

2021-06-28T17:49:10+00:00 CRITICAL Uncaught Error: Unknown named parameter $tasks_meta_id in C:\xampp\htdocs\e-commerce_wp\wp-includes\class-wp-hook.php:292
Stack trace:
#0 C:\xampp\htdocs\e-commerce_wp\wp-includes\class-wp-hook.php(316): WP_Hook->apply_filters('', Array)
#1 C:\xampp\htdocs\e-commerce_wp\wp-includes\plugin.php(551): WP_Hook->do_action(Array)
#2 C:\xampp\htdocs\e-commerce_wp\wp-content\plugins\woocommerce\packages\action-scheduler\classes\actions\ActionScheduler_Action.php(22): do_action_ref_array('wpforms_email_s...', Array)
#3 C:\xampp\htdocs\e-commerce_wp\wp-content\plugins\woocommerce\packages\action-scheduler\classes\abstracts\ActionScheduler_Abstract_QueueRunner.php(65): ActionScheduler_Action->execute()
#4 C:\xampp\htdocs\e-commerce_wp\wp-content\plugins\woocommerce\packages\action-scheduler\classes\ActionScheduler_QueueRunner.php(162): ActionScheduler_Abstract_QueueRunner->process_action(17, 'Async Request')
#5 C:\xampp\htdocs\e-commerce_wp\wp-content\plugins\woocommerce\packages\action-scheduler\classes\ActionScheduler_QueueRunner.php(132): ActionScheduler_QueueRunner->do_batch(25, 'Async Request')
#6 C:\xampp\htdocs\e-commerce_wp\wp-includes\class-wp-hook.php(292): ActionScheduler_QueueRunner->run('Async Request')
#7 C:\xampp\htdocs\e-commerce_wp\wp-includes\class-wp-hook.php(316): WP_Hook->apply_filters('', Array)
#8 C:\xampp\htdocs\e-commerce_wp\wp-includes\plugin.php(484): WP_Hook->do_action(Array)
#9 C:\xampp\htdocs\e-commerce_wp\wp-content\plugins\woocommerce\packages\action-scheduler\classes\ActionScheduler_AsyncRequest_QueueRunner.php(52): do_action('action_schedule...', 'Async Request')
#10 C:\xampp\htdocs\e-commerce_wp\wp-content\plugins\woocommerce\includes\libraries\wp-async-request.php(147): ActionScheduler_AsyncRequest_QueueRunner->handle()
#11 C:\xampp\htdocs\e-commerce_wp\wp-includes\class-wp-hook.php(292): WP_Async_Request->maybe_handle('')
#12 C:\xampp\htdocs\e-commerce_wp\wp-includes\class-wp-hook.php(316): WP_Hook->apply_filters('', Array)
#13 C:\xampp\htdocs\e-commerce_wp\wp-includes\plugin.php(484): WP_Hook->do_action(Array)
#14 C:\xampp\htdocs\e-commerce_wp\wp-admin\admin-ajax.php(187): do_action('wp_ajax_as_asyn...')
#15 {main}
  thrown in C:\xampp\htdocs\e-commerce_wp\wp-includes\class-wp-hook.php on line 292

2021-06-28T17:50:10+00:00 CRITICAL Uncaught Error: Unknown named parameter $tasks_meta_id in C:\xampp\htdocs\e-commerce_wp\wp-includes\class-wp-hook.php:292
Stack trace:
#0 C:\xampp\htdocs\e-commerce_wp\wp-includes\class-wp-hook.php(316): WP_Hook->apply_filters('', Array)
#1 C:\xampp\htdocs\e-commerce_wp\wp-includes\plugin.php(551): WP_Hook->do_action(Array)
#2 C:\xampp\htdocs\e-commerce_wp\wp-content\plugins\woocommerce\packages\action-scheduler\classes\actions\ActionScheduler_Action.php(22): do_action_ref_array('wpforms_email_s...', Array)
#3 C:\xampp\htdocs\e-commerce_wp\wp-content\plugins\woocommerce\packages\action-scheduler\classes\abstracts\ActionScheduler_Abstract_QueueRunner.php(65): ActionScheduler_Action->execute()
#4 C:\xampp\htdocs\e-commerce_wp\wp-content\plugins\woocommerce\packages\action-scheduler\classes\ActionScheduler_QueueRunner.php(162): ActionScheduler_Abstract_QueueRunner->process_action(18, 'WP Cron')
#5 C:\xampp\htdocs\e-commerce_wp\wp-content\plugins\woocommerce\packages\action-scheduler\classes\ActionScheduler_QueueRunner.php(132): ActionScheduler_QueueRunner->do_batch(25, 'WP Cron')
#6 C:\xampp\htdocs\e-commerce_wp\wp-includes\class-wp-hook.php(292): ActionScheduler_QueueRunner->run('WP Cron')
#7 C:\xampp\htdocs\e-commerce_wp\wp-includes\class-wp-hook.php(316): WP_Hook->apply_filters('', Array)
#8 C:\xampp\htdocs\e-commerce_wp\wp-includes\plugin.php(551): WP_Hook->do_action(Array)
#9 C:\xampp\htdocs\e-commerce_wp\wp-cron.php(138): do_action_ref_array('action_schedule...', Array)
#10 {main}
  thrown in C:\xampp\htdocs\e-commerce_wp\wp-includes\class-wp-hook.php on line 292

2021-06-28T17:50:11+00:00 CRITICAL Uncaught Error: Unknown named parameter $tasks_meta_id in C:\xampp\htdocs\e-commerce_wp\wp-includes\class-wp-hook.php:292
Stack trace:
#0 C:\xampp\htdocs\e-commerce_wp\wp-includes\class-wp-hook.php(316): WP_Hook->apply_filters('', Array)
#1 C:\xampp\htdocs\e-commerce_wp\wp-includes\plugin.php(551): WP_Hook->do_action(Array)
#2 C:\xampp\htdocs\e-commerce_wp\wp-content\plugins\woocommerce\packages\action-scheduler\classes\actions\ActionScheduler_Action.php(22): do_action_ref_array('wpforms_email_s...', Array)
#3 C:\xampp\htdocs\e-commerce_wp\wp-content\plugins\woocommerce\packages\action-scheduler\classes\abstracts\ActionScheduler_Abstract_QueueRunner.php(65): ActionScheduler_Action->execute()
#4 C:\xampp\htdocs\e-commerce_wp\wp-content\plugins\woocommerce\packages\action-scheduler\classes\ActionScheduler_QueueRunner.php(162): ActionScheduler_Abstract_QueueRunner->process_action(19, 'Async Request')
#5 C:\xampp\htdocs\e-commerce_wp\wp-content\plugins\woocommerce\packages\action-scheduler\classes\ActionScheduler_QueueRunner.php(132): ActionScheduler_QueueRunner->do_batch(25, 'Async Request')
#6 C:\xampp\htdocs\e-commerce_wp\wp-includes\class-wp-hook.php(292): ActionScheduler_QueueRunner->run('Async Request')
#7 C:\xampp\htdocs\e-commerce_wp\wp-includes\class-wp-hook.php(316): WP_Hook->apply_filters('', Array)
#8 C:\xampp\htdocs\e-commerce_wp\wp-includes\plugin.php(484): WP_Hook->do_action(Array)
#9 C:\xampp\htdocs\e-commerce_wp\wp-content\plugins\woocommerce\packages\action-scheduler\classes\ActionScheduler_AsyncRequest_QueueRunner.php(52): do_action('action_schedule...', 'Async Request')
#10 C:\xampp\htdocs\e-commerce_wp\wp-content\plugins\woocommerce\includes\libraries\wp-async-request.php(147): ActionScheduler_AsyncRequest_QueueRunner->handle()
#11 C:\xampp\htdocs\e-commerce_wp\wp-includes\class-wp-hook.php(292): WP_Async_Request->maybe_handle('')
#12 C:\xampp\htdocs\e-commerce_wp\wp-includes\class-wp-hook.php(316): WP_Hook->apply_filters('', Array)
#13 C:\xampp\htdocs\e-commerce_wp\wp-includes\plugin.php(484): WP_Hook->do_action(Array)
#14 C:\xampp\htdocs\e-commerce_wp\wp-admin\admin-ajax.php(187): do_action('wp_ajax_as_asyn...')
#15 {main}
  thrown in C:\xampp\htdocs\e-commerce_wp\wp-includes\class-wp-hook.php on line 292

2021-06-28T17:51:53+00:00 CRITICAL Uncaught Error: Unknown named parameter $tasks_meta_id in C:\xampp\htdocs\e-commerce_wp\wp-includes\class-wp-hook.php:292
Stack trace:
#0 C:\xampp\htdocs\e-commerce_wp\wp-includes\class-wp-hook.php(316): WP_Hook->apply_filters('', Array)
#1 C:\xampp\htdocs\e-commerce_wp\wp-includes\plugin.php(551): WP_Hook->do_action(Array)
#2 C:\xampp\htdocs\e-commerce_wp\wp-content\plugins\woocommerce\packages\action-scheduler\classes\actions\ActionScheduler_Action.php(22): do_action_ref_array('wpforms_email_s...', Array)
#3 C:\xampp\htdocs\e-commerce_wp\wp-content\plugins\woocommerce\packages\action-scheduler\classes\abstracts\ActionScheduler_Abstract_QueueRunner.php(65): ActionScheduler_Action->execute()
#4 C:\xampp\htdocs\e-commerce_wp\wp-content\plugins\woocommerce\packages\action-scheduler\classes\ActionScheduler_QueueRunner.php(162): ActionScheduler_Abstract_QueueRunner->process_action(20, 'WP Cron')
#5 C:\xampp\htdocs\e-commerce_wp\wp-content\plugins\woocommerce\packages\action-scheduler\classes\ActionScheduler_QueueRunner.php(132): ActionScheduler_QueueRunner->do_batch(25, 'WP Cron')
#6 C:\xampp\htdocs\e-commerce_wp\wp-includes\class-wp-hook.php(292): ActionScheduler_QueueRunner->run('WP Cron')
#7 C:\xampp\htdocs\e-commerce_wp\wp-includes\class-wp-hook.php(316): WP_Hook->apply_filters('', Array)
#8 C:\xampp\htdocs\e-commerce_wp\wp-includes\plugin.php(551): WP_Hook->do_action(Array)
#9 C:\xampp\htdocs\e-commerce_wp\wp-cron.php(138): do_action_ref_array('action_schedule...', Array)
#10 {main}
  thrown in C:\xampp\htdocs\e-commerce_wp\wp-includes\class-wp-hook.php on line 292

2021-06-28T17:51:54+00:00 CRITICAL Uncaught Error: Unknown named parameter $tasks_meta_id in C:\xampp\htdocs\e-commerce_wp\wp-includes\class-wp-hook.php:292
Stack trace:
#0 C:\xampp\htdocs\e-commerce_wp\wp-includes\class-wp-hook.php(316): WP_Hook->apply_filters('', Array)
#1 C:\xampp\htdocs\e-commerce_wp\wp-includes\plugin.php(551): WP_Hook->do_action(Array)
#2 C:\xampp\htdocs\e-commerce_wp\wp-content\plugins\woocommerce\packages\action-scheduler\classes\actions\ActionScheduler_Action.php(22): do_action_ref_array('wpforms_email_s...', Array)
#3 C:\xampp\htdocs\e-commerce_wp\wp-content\plugins\woocommerce\packages\action-scheduler\classes\abstracts\ActionScheduler_Abstract_QueueRunner.php(65): ActionScheduler_Action->execute()
#4 C:\xampp\htdocs\e-commerce_wp\wp-content\plugins\woocommerce\packages\action-scheduler\classes\ActionScheduler_QueueRunner.php(162): ActionScheduler_Abstract_QueueRunner->process_action(21, 'Async Request')
#5 C:\xampp\htdocs\e-commerce_wp\wp-content\plugins\woocommerce\packages\action-scheduler\classes\ActionScheduler_QueueRunner.php(132): ActionScheduler_QueueRunner->do_batch(25, 'Async Request')
#6 C:\xampp\htdocs\e-commerce_wp\wp-includes\class-wp-hook.php(292): ActionScheduler_QueueRunner->run('Async Request')
#7 C:\xampp\htdocs\e-commerce_wp\wp-includes\class-wp-hook.php(316): WP_Hook->apply_filters('', Array)
#8 C:\xampp\htdocs\e-commerce_wp\wp-includes\plugin.php(484): WP_Hook->do_action(Array)
#9 C:\xampp\htdocs\e-commerce_wp\wp-content\plugins\woocommerce\packages\action-scheduler\classes\ActionScheduler_AsyncRequest_QueueRunner.php(52): do_action('action_schedule...', 'Async Request')
#10 C:\xampp\htdocs\e-commerce_wp\wp-content\plugins\woocommerce\includes\libraries\wp-async-request.php(147): ActionScheduler_AsyncRequest_QueueRunner->handle()
#11 C:\xampp\htdocs\e-commerce_wp\wp-includes\class-wp-hook.php(292): WP_Async_Request->maybe_handle('')
#12 C:\xampp\htdocs\e-commerce_wp\wp-includes\class-wp-hook.php(316): WP_Hook->apply_filters('', Array)
#13 C:\xampp\htdocs\e-commerce_wp\wp-includes\plugin.php(484): WP_Hook->do_action(Array)
#14 C:\xampp\htdocs\e-commerce_wp\wp-admin\admin-ajax.php(187): do_action('wp_ajax_as_asyn...')
#15 {main}
  thrown in C:\xampp\htdocs\e-commerce_wp\wp-includes\class-wp-hook.php on line 292

2021-06-28T17:53:03+00:00 CRITICAL Uncaught Error: Unknown named parameter $tasks_meta_id in C:\xampp\htdocs\e-commerce_wp\wp-includes\class-wp-hook.php:292
Stack trace:
#0 C:\xampp\htdocs\e-commerce_wp\wp-includes\class-wp-hook.php(316): WP_Hook->apply_filters('', Array)
#1 C:\xampp\htdocs\e-commerce_wp\wp-includes\plugin.php(551): WP_Hook->do_action(Array)
#2 C:\xampp\htdocs\e-commerce_wp\wp-content\plugins\woocommerce\packages\action-scheduler\classes\actions\ActionScheduler_Action.php(22): do_action_ref_array('wpforms_email_s...', Array)
#3 C:\xampp\htdocs\e-commerce_wp\wp-content\plugins\woocommerce\packages\action-scheduler\classes\abstracts\ActionScheduler_Abstract_QueueRunner.php(65): ActionScheduler_Action->execute()
#4 C:\xampp\htdocs\e-commerce_wp\wp-content\plugins\woocommerce\packages\action-scheduler\classes\ActionScheduler_QueueRunner.php(162): ActionScheduler_Abstract_QueueRunner->process_action(22, 'WP Cron')
#5 C:\xampp\htdocs\e-commerce_wp\wp-content\plugins\woocommerce\packages\action-scheduler\classes\ActionScheduler_QueueRunner.php(132): ActionScheduler_QueueRunner->do_batch(25, 'WP Cron')
#6 C:\xampp\htdocs\e-commerce_wp\wp-includes\class-wp-hook.php(292): ActionScheduler_QueueRunner->run('WP Cron')
#7 C:\xampp\htdocs\e-commerce_wp\wp-includes\class-wp-hook.php(316): WP_Hook->apply_filters('', Array)
#8 C:\xampp\htdocs\e-commerce_wp\wp-includes\plugin.php(551): WP_Hook->do_action(Array)
#9 C:\xampp\htdocs\e-commerce_wp\wp-cron.php(138): do_action_ref_array('action_schedule...', Array)
#10 {main}
  thrown in C:\xampp\htdocs\e-commerce_wp\wp-includes\class-wp-hook.php on line 292

2021-06-28T17:53:04+00:00 CRITICAL Uncaught Error: Unknown named parameter $tasks_meta_id in C:\xampp\htdocs\e-commerce_wp\wp-includes\class-wp-hook.php:292
Stack trace:
#0 C:\xampp\htdocs\e-commerce_wp\wp-includes\class-wp-hook.php(316): WP_Hook->apply_filters('', Array)
#1 C:\xampp\htdocs\e-commerce_wp\wp-includes\plugin.php(551): WP_Hook->do_action(Array)
#2 C:\xampp\htdocs\e-commerce_wp\wp-content\plugins\woocommerce\packages\action-scheduler\classes\actions\ActionScheduler_Action.php(22): do_action_ref_array('wpforms_admin_n...', Array)
#3 C:\xampp\htdocs\e-commerce_wp\wp-content\plugins\woocommerce\packages\action-scheduler\classes\abstracts\ActionScheduler_Abstract_QueueRunner.php(65): ActionScheduler_Action->execute()
#4 C:\xampp\htdocs\e-commerce_wp\wp-content\plugins\woocommerce\packages\action-scheduler\classes\ActionScheduler_QueueRunner.php(162): ActionScheduler_Abstract_QueueRunner->process_action(23, 'WP Cron')
#5 C:\xampp\htdocs\e-commerce_wp\wp-content\plugins\woocommerce\packages\action-scheduler\classes\ActionScheduler_QueueRunner.php(132): ActionScheduler_QueueRunner->do_batch(25, 'WP Cron')
#6 C:\xampp\htdocs\e-commerce_wp\wp-includes\class-wp-hook.php(292): ActionScheduler_QueueRunner->run('WP Cron')
#7 C:\xampp\htdocs\e-commerce_wp\wp-includes\class-wp-hook.php(316): WP_Hook->apply_filters('', Array)
#8 C:\xampp\htdocs\e-commerce_wp\wp-includes\plugin.php(551): WP_Hook->do_action(Array)
#9 C:\xampp\htdocs\e-commerce_wp\wp-cron.php(138): do_action_ref_array('action_schedule...', Array)
#10 {main}
  thrown in C:\xampp\htdocs\e-commerce_wp\wp-includes\class-wp-hook.php on line 292

2021-06-28T17:53:04+00:00 CRITICAL Uncaught Error: Unknown named parameter $tasks_meta_id in C:\xampp\htdocs\e-commerce_wp\wp-includes\class-wp-hook.php:292
Stack trace:
#0 C:\xampp\htdocs\e-commerce_wp\wp-includes\class-wp-hook.php(316): WP_Hook->apply_filters('', Array)
#1 C:\xampp\htdocs\e-commerce_wp\wp-includes\plugin.php(551): WP_Hook->do_action(Array)
#2 C:\xampp\htdocs\e-commerce_wp\wp-content\plugins\woocommerce\packages\action-scheduler\classes\actions\ActionScheduler_Action.php(22): do_action_ref_array('wpforms_email_s...', Array)
#3 C:\xampp\htdocs\e-commerce_wp\wp-content\plugins\woocommerce\packages\action-scheduler\classes\abstracts\ActionScheduler_Abstract_QueueRunner.php(65): ActionScheduler_Action->execute()
#4 C:\xampp\htdocs\e-commerce_wp\wp-content\plugins\woocommerce\packages\action-scheduler\classes\ActionScheduler_QueueRunner.php(162): ActionScheduler_Abstract_QueueRunner->process_action(24, 'Async Request')
#5 C:\xampp\htdocs\e-commerce_wp\wp-content\plugins\woocommerce\packages\action-scheduler\classes\ActionScheduler_QueueRunner.php(132): ActionScheduler_QueueRunner->do_batch(25, 'Async Request')
#6 C:\xampp\htdocs\e-commerce_wp\wp-includes\class-wp-hook.php(292): ActionScheduler_QueueRunner->run('Async Request')
#7 C:\xampp\htdocs\e-commerce_wp\wp-includes\class-wp-hook.php(316): WP_Hook->apply_filters('', Array)
#8 C:\xampp\htdocs\e-commerce_wp\wp-includes\plugin.php(484): WP_Hook->do_action(Array)
#9 C:\xampp\htdocs\e-commerce_wp\wp-content\plugins\woocommerce\packages\action-scheduler\classes\ActionScheduler_AsyncRequest_QueueRunner.php(52): do_action('action_schedule...', 'Async Request')
#10 C:\xampp\htdocs\e-commerce_wp\wp-content\plugins\woocommerce\includes\libraries\wp-async-request.php(147): ActionScheduler_AsyncRequest_QueueRunner->handle()
#11 C:\xampp\htdocs\e-commerce_wp\wp-includes\class-wp-hook.php(292): WP_Async_Request->maybe_handle('')
#12 C:\xampp\htdocs\e-commerce_wp\wp-includes\class-wp-hook.php(316): WP_Hook->apply_filters('', Array)
#13 C:\xampp\htdocs\e-commerce_wp\wp-includes\plugin.php(484): WP_Hook->do_action(Array)
#14 C:\xampp\htdocs\e-commerce_wp\wp-admin\admin-ajax.php(187): do_action('wp_ajax_as_asyn...')
#15 {main}
  thrown in C:\xampp\htdocs\e-commerce_wp\wp-includes\class-wp-hook.php on line 292

2021-06-28T17:53:06+00:00 CRITICAL Uncaught Error: Unknown named parameter $tasks_meta_id in C:\xampp\htdocs\e-commerce_wp\wp-includes\class-wp-hook.php:292
Stack trace:
#0 C:\xampp\htdocs\e-commerce_wp\wp-includes\class-wp-hook.php(316): WP_Hook->apply_filters('', Array)
#1 C:\xampp\htdocs\e-commerce_wp\wp-includes\plugin.php(551): WP_Hook->do_action(Array)
#2 C:\xampp\htdocs\e-commerce_wp\wp-content\plugins\woocommerce\packages\action-scheduler\classes\actions\ActionScheduler_Action.php(22): do_action_ref_array('wpforms_email_s...', Array)
#3 C:\xampp\htdocs\e-commerce_wp\wp-content\plugins\woocommerce\packages\action-scheduler\classes\abstracts\ActionScheduler_Abstract_QueueRunner.php(65): ActionScheduler_Action->execute()
#4 C:\xampp\htdocs\e-commerce_wp\wp-content\plugins\woocommerce\packages\action-scheduler\classes\ActionScheduler_QueueRunner.php(162): ActionScheduler_Abstract_QueueRunner->process_action(25, 'Async Request')
#5 C:\xampp\htdocs\e-commerce_wp\wp-content\plugins\woocommerce\packages\action-scheduler\classes\ActionScheduler_QueueRunner.php(132): ActionScheduler_QueueRunner->do_batch(25, 'Async Request')
#6 C:\xampp\htdocs\e-commerce_wp\wp-includes\class-wp-hook.php(292): ActionScheduler_QueueRunner->run('Async Request')
#7 C:\xampp\htdocs\e-commerce_wp\wp-includes\class-wp-hook.php(316): WP_Hook->apply_filters('', Array)
#8 C:\xampp\htdocs\e-commerce_wp\wp-includes\plugin.php(484): WP_Hook->do_action(Array)
#9 C:\xampp\htdocs\e-commerce_wp\wp-content\plugins\woocommerce\packages\action-scheduler\classes\ActionScheduler_AsyncRequest_QueueRunner.php(52): do_action('action_schedule...', 'Async Request')
#10 C:\xampp\htdocs\e-commerce_wp\wp-content\plugins\woocommerce\includes\libraries\wp-async-request.php(147): ActionScheduler_AsyncRequest_QueueRunner->handle()
#11 C:\xampp\htdocs\e-commerce_wp\wp-includes\class-wp-hook.php(292): WP_Async_Request->maybe_handle('')
#12 C:\xampp\htdocs\e-commerce_wp\wp-includes\class-wp-hook.php(316): WP_Hook->apply_filters('', Array)
#13 C:\xampp\htdocs\e-commerce_wp\wp-includes\plugin.php(484): WP_Hook->do_action(Array)
#14 C:\xampp\htdocs\e-commerce_wp\wp-admin\admin-ajax.php(187): do_action('wp_ajax_as_asyn...')
#15 {main}
  thrown in C:\xampp\htdocs\e-commerce_wp\wp-includes\class-wp-hook.php on line 292

2021-06-28T17:56:30+00:00 CRITICAL Uncaught Error: Unknown named parameter $tasks_meta_id in C:\xampp\htdocs\e-commerce_wp\wp-includes\class-wp-hook.php:292
Stack trace:
#0 C:\xampp\htdocs\e-commerce_wp\wp-includes\class-wp-hook.php(316): WP_Hook->apply_filters('', Array)
#1 C:\xampp\htdocs\e-commerce_wp\wp-includes\plugin.php(551): WP_Hook->do_action(Array)
#2 C:\xampp\htdocs\e-commerce_wp\wp-content\plugins\woocommerce\packages\action-scheduler\classes\actions\ActionScheduler_Action.php(22): do_action_ref_array('wpforms_email_s...', Array)
#3 C:\xampp\htdocs\e-commerce_wp\wp-content\plugins\woocommerce\packages\action-scheduler\classes\abstracts\ActionScheduler_Abstract_QueueRunner.php(65): ActionScheduler_Action->execute()
#4 C:\xampp\htdocs\e-commerce_wp\wp-content\plugins\woocommerce\packages\action-scheduler\classes\ActionScheduler_QueueRunner.php(162): ActionScheduler_Abstract_QueueRunner->process_action(30, 'Async Request')
#5 C:\xampp\htdocs\e-commerce_wp\wp-content\plugins\woocommerce\packages\action-scheduler\classes\ActionScheduler_QueueRunner.php(132): ActionScheduler_QueueRunner->do_batch(25, 'Async Request')
#6 C:\xampp\htdocs\e-commerce_wp\wp-includes\class-wp-hook.php(292): ActionScheduler_QueueRunner->run('Async Request')
#7 C:\xampp\htdocs\e-commerce_wp\wp-includes\class-wp-hook.php(316): WP_Hook->apply_filters('', Array)
#8 C:\xampp\htdocs\e-commerce_wp\wp-includes\plugin.php(484): WP_Hook->do_action(Array)
#9 C:\xampp\htdocs\e-commerce_wp\wp-content\plugins\woocommerce\packages\action-scheduler\classes\ActionScheduler_AsyncRequest_QueueRunner.php(52): do_action('action_schedule...', 'Async Request')
#10 C:\xampp\htdocs\e-commerce_wp\wp-content\plugins\woocommerce\includes\libraries\wp-async-request.php(147): ActionScheduler_AsyncRequest_QueueRunner->handle()
#11 C:\xampp\htdocs\e-commerce_wp\wp-includes\class-wp-hook.php(292): WP_Async_Request->maybe_handle('')
#12 C:\xampp\htdocs\e-commerce_wp\wp-includes\class-wp-hook.php(316): WP_Hook->apply_filters('', Array)
#13 C:\xampp\htdocs\e-commerce_wp\wp-includes\plugin.php(484): WP_Hook->do_action(Array)
#14 C:\xampp\htdocs\e-commerce_wp\wp-admin\admin-ajax.php(187): do_action('wp_ajax_as_asyn...')
#15 {main}
  thrown in C:\xampp\htdocs\e-commerce_wp\wp-includes\class-wp-hook.php on line 292

2021-06-28T17:58:29+00:00 CRITICAL Uncaught Error: Unknown named parameter $tasks_meta_id in C:\xampp\htdocs\e-commerce_wp\wp-includes\class-wp-hook.php:292
Stack trace:
#0 C:\xampp\htdocs\e-commerce_wp\wp-includes\class-wp-hook.php(316): WP_Hook->apply_filters('', Array)
#1 C:\xampp\htdocs\e-commerce_wp\wp-includes\plugin.php(551): WP_Hook->do_action(Array)
#2 C:\xampp\htdocs\e-commerce_wp\wp-content\plugins\woocommerce\packages\action-scheduler\classes\actions\ActionScheduler_Action.php(22): do_action_ref_array('wpforms_email_s...', Array)
#3 C:\xampp\htdocs\e-commerce_wp\wp-content\plugins\woocommerce\packages\action-scheduler\classes\abstracts\ActionScheduler_Abstract_QueueRunner.php(65): ActionScheduler_Action->execute()
#4 C:\xampp\htdocs\e-commerce_wp\wp-content\plugins\woocommerce\packages\action-scheduler\classes\ActionScheduler_QueueRunner.php(162): ActionScheduler_Abstract_QueueRunner->process_action(32, 'WP Cron')
#5 C:\xampp\htdocs\e-commerce_wp\wp-content\plugins\woocommerce\packages\action-scheduler\classes\ActionScheduler_QueueRunner.php(132): ActionScheduler_QueueRunner->do_batch(25, 'WP Cron')
#6 C:\xampp\htdocs\e-commerce_wp\wp-includes\class-wp-hook.php(292): ActionScheduler_QueueRunner->run('WP Cron')
#7 C:\xampp\htdocs\e-commerce_wp\wp-includes\class-wp-hook.php(316): WP_Hook->apply_filters('', Array)
#8 C:\xampp\htdocs\e-commerce_wp\wp-includes\plugin.php(551): WP_Hook->do_action(Array)
#9 C:\xampp\htdocs\e-commerce_wp\wp-cron.php(138): do_action_ref_array('action_schedule...', Array)
#10 {main}
  thrown in C:\xampp\htdocs\e-commerce_wp\wp-includes\class-wp-hook.php on line 292

2021-06-28T17:58:30+00:00 CRITICAL Uncaught Error: Unknown named parameter $tasks_meta_id in C:\xampp\htdocs\e-commerce_wp\wp-includes\class-wp-hook.php:292
Stack trace:
#0 C:\xampp\htdocs\e-commerce_wp\wp-includes\class-wp-hook.php(316): WP_Hook->apply_filters('', Array)
#1 C:\xampp\htdocs\e-commerce_wp\wp-includes\plugin.php(551): WP_Hook->do_action(Array)
#2 C:\xampp\htdocs\e-commerce_wp\wp-content\plugins\woocommerce\packages\action-scheduler\classes\actions\ActionScheduler_Action.php(22): do_action_ref_array('wpforms_email_s...', Array)
#3 C:\xampp\htdocs\e-commerce_wp\wp-content\plugins\woocommerce\packages\action-scheduler\classes\abstracts\ActionScheduler_Abstract_QueueRunner.php(65): ActionScheduler_Action->execute()
#4 C:\xampp\htdocs\e-commerce_wp\wp-content\plugins\woocommerce\packages\action-scheduler\classes\ActionScheduler_QueueRunner.php(162): ActionScheduler_Abstract_QueueRunner->process_action(33, 'Async Request')
#5 C:\xampp\htdocs\e-commerce_wp\wp-content\plugins\woocommerce\packages\action-scheduler\classes\ActionScheduler_QueueRunner.php(132): ActionScheduler_QueueRunner->do_batch(25, 'Async Request')
#6 C:\xampp\htdocs\e-commerce_wp\wp-includes\class-wp-hook.php(292): ActionScheduler_QueueRunner->run('Async Request')
#7 C:\xampp\htdocs\e-commerce_wp\wp-includes\class-wp-hook.php(316): WP_Hook->apply_filters('', Array)
#8 C:\xampp\htdocs\e-commerce_wp\wp-includes\plugin.php(484): WP_Hook->do_action(Array)
#9 C:\xampp\htdocs\e-commerce_wp\wp-content\plugins\woocommerce\packages\action-scheduler\classes\ActionScheduler_AsyncRequest_QueueRunner.php(52): do_action('action_schedule...', 'Async Request')
#10 C:\xampp\htdocs\e-commerce_wp\wp-content\plugins\woocommerce\includes\libraries\wp-async-request.php(147): ActionScheduler_AsyncRequest_QueueRunner->handle()
#11 C:\xampp\htdocs\e-commerce_wp\wp-includes\class-wp-hook.php(292): WP_Async_Request->maybe_handle('')
#12 C:\xampp\htdocs\e-commerce_wp\wp-includes\class-wp-hook.php(316): WP_Hook->apply_filters('', Array)
#13 C:\xampp\htdocs\e-commerce_wp\wp-includes\plugin.php(484): WP_Hook->do_action(Array)
#14 C:\xampp\htdocs\e-commerce_wp\wp-admin\admin-ajax.php(187): do_action('wp_ajax_as_asyn...')
#15 {main}
  thrown in C:\xampp\htdocs\e-commerce_wp\wp-includes\class-wp-hook.php on line 292

